Base path: /Applications/Unity/Unity.app/Contents
Cmd: getPlatforms
Cmd: preprocess
  insize=2623 outsize=1157 ok=1
Cmd: preprocess
  insize=3068 outsize=1846 ok=1
Cmd: preprocess
  error: 2 plat 19 at (22): Can't find include file Assets/GoogleVR/Distortion/GvrDistortion.cginc
  insize=4274 outsize=1295 ok=0
Cmd: preprocess
  insize=4113 outsize=1144 ok=1
Cmd: preprocess
  insize=4857 outsize=1245 ok=1
Cmd: preprocess
  insize=4927 outsize=1290 ok=1
Cmd: preprocess
  error: 2 plat 19 at (22): Can't find include file Assets/GoogleVR/Distortion/GvrDistortion.cginc
  insize=3993 outsize=1364 ok=0
Cmd: preprocess
  insize=4852 outsize=1248 ok=1
Cmd: preprocess
  insize=2213 outsize=1089 ok=1
Cmd: preprocess
  insize=4680 outsize=1212 ok=1
Cmd: compileSnippet
  error: 2 plat 15 at (64): cannot map expression to vs_4_0 instruction set\nCompiling Vertex program
Platform defines: UNITY_ENABLE_REFLECTION_BUFFERS UNITY_PBS_USE_BRDF1 UNITY_SPECCUBE_BOX_PROJECTION UNITY_SPECCUBE_BLENDING SHADER_API_DESKTOP UNITY_COLORSPACE_GAMMA
  api=15 type=0 insize=3774 outsize=0 kw= pd=UNITY_ENABLE_REFLECTION_BUFFERS UNITY_PBS_USE_BRDF1 UNITY_SPECCUBE_BOX_PROJECTION UNITY_SPECCUBE_BLENDING SHADER_API_DESKTOP UNITY_COLORSPACE_GAMMA ok=0
Cmd: preprocess
  error: 2 plat 19 at (22): Can't find include file Assets/GoogleVR/Distortion/GvrDistortion.cginc
  insize=1998 outsize=1540 ok=0
Cmd: preprocess
  insize=5235 outsize=1176 ok=1
Cmd: preprocess
  error: 2 plat 19 at (22): Can't find include file Assets/GoogleVR/Distortion/GvrDistortion.cginc
  insize=1511 outsize=911 ok=0
Cmd: preprocess
  error: 2 plat 19 at (22): Can't find include file Assets/GoogleVR/Distortion/GvrDistortion.cginc
  insize=3791 outsize=1573 ok=0
Cmd: preprocess
  error: 2 plat 19 at (22): Can't find include file Assets/GoogleVR/Distortion/GvrDistortion.cginc
  insize=3049 outsize=1223 ok=0
Cmd: preprocess
  insize=5236 outsize=1212 ok=1
Cmd: preprocess
  insize=4899 outsize=1357 ok=1
Cmd: preprocess
  insize=2368 outsize=1111 ok=1
Cmd: preprocess
  insize=5172 outsize=1163 ok=1
Cmd: preprocess
  insize=1613 outsize=943 ok=1
Cmd: preprocess
  insize=5165 outsize=1355 ok=1
Cmd: preprocess
  insize=4958 outsize=1295 ok=1
Cmd: preprocess
  error: 2 plat 19 at (22): Can't find include file Assets/GoogleVR/Distortion/GvrDistortion.cginc
  insize=2273 outsize=964 ok=0
Cmd: preprocess
  insize=1874 outsize=870 ok=1
Cmd: preprocess
  insize=3024 outsize=1841 ok=1
Cmd: preprocess
  insize=5323 outsize=1225 ok=1
Cmd: preprocess
  insize=2054 outsize=1228 ok=1
Cmd: preprocess
  error: 2 plat 19 at (22): Can't find include file Assets/GoogleVR/Distortion/GvrDistortion.cginc
  insize=4372 outsize=1620 ok=0
Cmd: preprocess
  insize=6162 outsize=1553 ok=1
Cmd: preprocess
  insize=3293 outsize=1192 ok=1
Cmd: preprocess
  insize=1377 outsize=1377 ok=1
Cmd: preprocess
  insize=3223 outsize=1135 ok=1
Cmd: preprocess
  insize=840 outsize=837 ok=1
Cmd: preprocess
  error: 2 plat 19 at (22): Can't find include file Assets/GoogleVR/Distortion/GvrDistortion.cginc
  insize=2277 outsize=964 ok=0
Cmd: preprocess
  insize=1364 outsize=1361 ok=1
Cmd: preprocess
  insize=1986 outsize=1324 ok=1
Cmd: preprocess
  error: 2 plat 19 at (22): Can't find include file Assets/GoogleVR/Distortion/GvrDistortion.cginc
  insize=4497 outsize=1473 ok=0
Cmd: preprocess
  insize=1190 outsize=1187 ok=1
Cmd: preprocess
  insize=3239 outsize=1139 ok=1
Cmd: preprocess
  error: 2 plat 19 at (22): Can't find include file Assets/GoogleVR/Distortion/GvrDistortion.cginc
  insize=1707 outsize=1302 ok=0
Cmd: preprocess
  insize=3049 outsize=1021 ok=1
Cmd: preprocess
  insize=5416 outsize=1304 ok=1
Cmd: preprocess
  error: 2 plat 19 at (22): Can't find include file Assets/GoogleVR/Distortion/GvrDistortion.cginc
  insize=4299 outsize=1300 ok=0
Cmd: preprocess
  insize=5380 outsize=1218 ok=1
Cmd: preprocess
  insize=2623 outsize=1157 ok=1
Cmd: preprocess
  insize=3068 outsize=1846 ok=1
Cmd: preprocess
  error: 2 plat 19 at (22): Can't find include file Assets/GoogleVR/Distortion/GvrDistortion.cginc
  insize=4274 outsize=1295 ok=0
Cmd: preprocess
  insize=4113 outsize=1144 ok=1
Cmd: preprocess
  insize=4857 outsize=1245 ok=1
Cmd: preprocess
  insize=4927 outsize=1290 ok=1
Cmd: preprocess
  error: 2 plat 19 at (22): Can't find include file Assets/GoogleVR/Distortion/GvrDistortion.cginc
  insize=3993 outsize=1364 ok=0
Cmd: preprocess
  insize=4852 outsize=1248 ok=1
Cmd: preprocess
  insize=2213 outsize=1089 ok=1
Cmd: preprocess
  insize=4680 outsize=1212 ok=1
Cmd: compileSnippet
  error: 2 plat 15 at (64): cannot map expression to vs_4_0 instruction set\nCompiling Vertex program
Platform defines: UNITY_ENABLE_REFLECTION_BUFFERS UNITY_PBS_USE_BRDF1 UNITY_SPECCUBE_BOX_PROJECTION UNITY_SPECCUBE_BLENDING SHADER_API_DESKTOP UNITY_COLORSPACE_GAMMA
  api=15 type=0 insize=3774 outsize=0 kw= pd=UNITY_ENABLE_REFLECTION_BUFFERS UNITY_PBS_USE_BRDF1 UNITY_SPECCUBE_BOX_PROJECTION UNITY_SPECCUBE_BLENDING SHADER_API_DESKTOP UNITY_COLORSPACE_GAMMA ok=0
Cmd: preprocess
  error: 2 plat 19 at (22): Can't find include file Assets/GoogleVR/Distortion/GvrDistortion.cginc
  insize=1998 outsize=1540 ok=0
Cmd: preprocess
  insize=5235 outsize=1176 ok=1
Cmd: preprocess
  error: 2 plat 19 at (22): Can't find include file Assets/GoogleVR/Distortion/GvrDistortion.cginc
  insize=1511 outsize=911 ok=0
Cmd: preprocess
  error: 2 plat 19 at (22): Can't find include file Assets/GoogleVR/Distortion/GvrDistortion.cginc
  insize=3791 outsize=1573 ok=0
Cmd: preprocess
  error: 2 plat 19 at (22): Can't find include file Assets/GoogleVR/Distortion/GvrDistortion.cginc
  insize=3049 outsize=1223 ok=0
Cmd: preprocess
  insize=5236 outsize=1212 ok=1
Cmd: preprocess
  insize=4899 outsize=1357 ok=1
Cmd: preprocess
  insize=2368 outsize=1111 ok=1
Cmd: preprocess
  insize=5172 outsize=1163 ok=1
Cmd: preprocess
  insize=5165 outsize=1355 ok=1
Cmd: preprocess
  insize=4958 outsize=1295 ok=1
Cmd: preprocess
  error: 2 plat 19 at (22): Can't find include file Assets/GoogleVR/Distortion/GvrDistortion.cginc
  insize=2273 outsize=964 ok=0
Cmd: preprocess
  insize=1874 outsize=870 ok=1
Cmd: preprocess
  insize=3024 outsize=1841 ok=1
Cmd: preprocess
  insize=5323 outsize=1225 ok=1
Cmd: preprocess
  error: 2 plat 19 at (22): Can't find include file Assets/GoogleVR/Distortion/GvrDistortion.cginc
  insize=4372 outsize=1620 ok=0
Cmd: preprocess
  insize=6162 outsize=1553 ok=1
Cmd: preprocess
  insize=3293 outsize=1192 ok=1
Cmd: preprocess
  insize=1377 outsize=1377 ok=1
Cmd: preprocess
  insize=3223 outsize=1135 ok=1
Cmd: preprocess
  error: 2 plat 19 at (22): Can't find include file Assets/GoogleVR/Distortion/GvrDistortion.cginc
  insize=2277 outsize=964 ok=0
Cmd: preprocess
  insize=1986 outsize=1324 ok=1
Cmd: preprocess
  error: 2 plat 19 at (22): Can't find include file Assets/GoogleVR/Distortion/GvrDistortion.cginc
  insize=4497 outsize=1473 ok=0
Cmd: preprocess
  insize=3239 outsize=1139 ok=1
Cmd: preprocess
  error: 2 plat 19 at (22): Can't find include file Assets/GoogleVR/Distortion/GvrDistortion.cginc
  insize=1707 outsize=1302 ok=0
Cmd: preprocess
  insize=3049 outsize=1021 ok=1
Cmd: preprocess
  insize=5416 outsize=1304 ok=1
Cmd: preprocess
  error: 2 plat 19 at (22): Can't find include file Assets/GoogleVR/Distortion/GvrDistortion.cginc
  insize=4299 outsize=1300 ok=0
Cmd: preprocess
  insize=5380 outsize=1218 ok=1
Cmd: preprocess
  insize=1613 outsize=943 ok=1
Cmd: preprocess
  insize=2009 outsize=1218 ok=1
Cmd: preprocess
  insize=839 outsize=836 ok=1
Cmd: compileSnippet
  api=15 type=0 insize=1023 outsize=14586 kw=DIRECTIONAL SHADOWS_SCREEN _EMISSION pd=UNITY_ENABLE_REFLECTION_BUFFERS UNITY_PBS_USE_BRDF1 UNITY_SPECCUBE_BOX_PROJECTION UNITY_SPECCUBE_BLENDING SHADER_API_DESKTOP UNITY_COLORSPACE_GAMMA ok=1
Cmd: compileSnippet
  api=15 type=1 insize=1023 outsize=0 kw=DIRECTIONAL SHADOWS_SCREEN _EMISSION pd=UNITY_ENABLE_REFLECTION_BUFFERS UNITY_PBS_USE_BRDF1 UNITY_SPECCUBE_BOX_PROJECTION UNITY_SPECCUBE_BLENDING SHADER_API_DESKTOP UNITY_COLORSPACE_GAMMA ok=1
Cmd: compileSnippet
  api=15 type=0 insize=949 outsize=8810 kw=POINT _NORMALMAP pd=UNITY_ENABLE_REFLECTION_BUFFERS UNITY_PBS_USE_BRDF1 UNITY_SPECCUBE_BOX_PROJECTION UNITY_SPECCUBE_BLENDING SHADER_API_DESKTOP UNITY_COLORSPACE_GAMMA ok=1
Cmd: compileSnippet
  api=15 type=1 insize=949 outsize=0 kw=POINT _NORMALMAP pd=UNITY_ENABLE_REFLECTION_BUFFERS UNITY_PBS_USE_BRDF1 UNITY_SPECCUBE_BOX_PROJECTION UNITY_SPECCUBE_BLENDING SHADER_API_DESKTOP UNITY_COLORSPACE_GAMMA ok=1
Cmd: compileSnippet
  api=15 type=0 insize=949 outsize=8923 kw=POINT _METALLICGLOSSMAP _NORMALMAP pd=UNITY_ENABLE_REFLECTION_BUFFERS UNITY_PBS_USE_BRDF1 UNITY_SPECCUBE_BOX_PROJECTION UNITY_SPECCUBE_BLENDING SHADER_API_DESKTOP UNITY_COLORSPACE_GAMMA ok=1
Cmd: compileSnippet
  api=15 type=1 insize=949 outsize=0 kw=POINT _METALLICGLOSSMAP _NORMALMAP pd=UNITY_ENABLE_REFLECTION_BUFFERS UNITY_PBS_USE_BRDF1 UNITY_SPECCUBE_BOX_PROJECTION UNITY_SPECCUBE_BLENDING SHADER_API_DESKTOP UNITY_COLORSPACE_GAMMA ok=1
Cmd: compileSnippet
  api=15 type=0 insize=949 outsize=7465 kw=POINT pd=UNITY_ENABLE_REFLECTION_BUFFERS UNITY_PBS_USE_BRDF1 UNITY_SPECCUBE_BOX_PROJECTION UNITY_SPECCUBE_BLENDING SHADER_API_DESKTOP UNITY_COLORSPACE_GAMMA ok=1
Cmd: compileSnippet
  api=15 type=1 insize=949 outsize=0 kw=POINT pd=UNITY_ENABLE_REFLECTION_BUFFERS UNITY_PBS_USE_BRDF1 UNITY_SPECCUBE_BOX_PROJECTION UNITY_SPECCUBE_BLENDING SHADER_API_DESKTOP UNITY_COLORSPACE_GAMMA ok=1
Cmd: compileSnippet
  api=15 type=0 insize=949 outsize=7831 kw=SPOT pd=UNITY_ENABLE_REFLECTION_BUFFERS UNITY_PBS_USE_BRDF1 UNITY_SPECCUBE_BOX_PROJECTION UNITY_SPECCUBE_BLENDING SHADER_API_DESKTOP UNITY_COLORSPACE_GAMMA ok=1
Cmd: compileSnippet
  api=15 type=1 insize=949 outsize=0 kw=SPOT pd=UNITY_ENABLE_REFLECTION_BUFFERS UNITY_PBS_USE_BRDF1 UNITY_SPECCUBE_BOX_PROJECTION UNITY_SPECCUBE_BLENDING SHADER_API_DESKTOP UNITY_COLORSPACE_GAMMA ok=1
Cmd: compileSnippet
  api=15 type=0 insize=949 outsize=9117 kw=SPOT _NORMALMAP pd=UNITY_ENABLE_REFLECTION_BUFFERS UNITY_PBS_USE_BRDF1 UNITY_SPECCUBE_BOX_PROJECTION UNITY_SPECCUBE_BLENDING SHADER_API_DESKTOP UNITY_COLORSPACE_GAMMA ok=1
Cmd: compileSnippet
  api=15 type=1 insize=949 outsize=0 kw=SPOT _NORMALMAP pd=UNITY_ENABLE_REFLECTION_BUFFERS UNITY_PBS_USE_BRDF1 UNITY_SPECCUBE_BOX_PROJECTION UNITY_SPECCUBE_BLENDING SHADER_API_DESKTOP UNITY_COLORSPACE_GAMMA ok=1
